2023/04/26 18:30:34 [notice] 1#1: using the "epoll" event method
2023/04/26 18:30:34 [notice] 1#1: nginx/1.23.4
2023/04/26 18:30:34 [notice] 1#1: built by gcc 10.2.1 20210110 (Debian 10.2.1-6) 
2023/04/26 18:30:34 [notice] 1#1: OS: Linux 5.10.76-linuxkit
2023/04/26 18:30:34 [notice] 1#1: getrlimit(RLIMIT_NOFILE): 1048576:1048576
2023/04/26 18:30:34 [notice] 1#1: start worker processes
2023/04/26 18:30:34 [notice] 1#1: start worker process 21
2023/04/26 18:30:34 [notice] 1#1: start worker process 22
2023/04/26 18:30:34 [notice] 1#1: start worker process 23
2023/04/26 18:30:34 [notice] 1#1: start worker process 24
2023/04/26 18:32:01 [notice] 1#1: signal 3 (SIGQUIT) received, shutting down
2023/04/26 18:32:01 [notice] 21#21: gracefully shutting down
2023/04/26 18:32:01 [notice] 23#23: gracefully shutting down
2023/04/26 18:32:01 [notice] 22#22: gracefully shutting down
2023/04/26 18:32:01 [notice] 24#24: gracefully shutting down
2023/04/26 18:32:01 [notice] 21#21: exiting
2023/04/26 18:32:01 [notice] 23#23: exiting
2023/04/26 18:32:01 [notice] 22#22: exiting
2023/04/26 18:32:01 [notice] 24#24: exiting
2023/04/26 18:32:01 [notice] 24#24: exit
2023/04/26 18:32:01 [notice] 21#21: exit
2023/04/26 18:32:01 [notice] 23#23: exit
2023/04/26 18:32:01 [notice] 22#22: exit
2023/04/26 18:32:01 [notice] 1#1: signal 17 (SIGCHLD) received from 23
2023/04/26 18:32:01 [notice] 1#1: worker process 23 exited with code 0
2023/04/26 18:32:01 [notice] 1#1: signal 29 (SIGIO) received
2023/04/26 18:32:01 [notice] 1#1: signal 17 (SIGCHLD) received from 24
2023/04/26 18:32:01 [notice] 1#1: worker process 24 exited with code 0
2023/04/26 18:32:01 [notice] 1#1: signal 29 (SIGIO) received
2023/04/26 18:32:01 [notice] 1#1: signal 17 (SIGCHLD) received from 22
2023/04/26 18:32:01 [notice] 1#1: worker process 21 exited with code 0
2023/04/26 18:32:01 [notice] 1#1: worker process 22 exited with code 0
2023/04/26 18:32:01 [notice] 1#1: exit
2023/04/26 18:32:09 [notice] 1#1: using the "epoll" event method
2023/04/26 18:32:09 [notice] 1#1: nginx/1.23.4
2023/04/26 18:32:09 [notice] 1#1: built by gcc 10.2.1 20210110 (Debian 10.2.1-6) 
2023/04/26 18:32:09 [notice] 1#1: OS: Linux 5.10.76-linuxkit
2023/04/26 18:32:09 [notice] 1#1: getrlimit(RLIMIT_NOFILE): 1048576:1048576
2023/04/26 18:32:09 [notice] 1#1: start worker processes
2023/04/26 18:32:09 [notice] 1#1: start worker process 21
2023/04/26 18:32:09 [notice] 1#1: start worker process 22
2023/04/26 18:32:09 [notice] 1#1: start worker process 23
2023/04/26 18:32:09 [notice] 1#1: start worker process 24
2023/04/26 18:33:37 [notice] 1#1: signal 3 (SIGQUIT) received, shutting down
2023/04/26 18:33:37 [notice] 21#21: gracefully shutting down
2023/04/26 18:33:37 [notice] 23#23: gracefully shutting down
2023/04/26 18:33:37 [notice] 22#22: gracefully shutting down
2023/04/26 18:33:37 [notice] 22#22: exiting
2023/04/26 18:33:37 [notice] 24#24: gracefully shutting down
2023/04/26 18:33:37 [notice] 21#21: exiting
2023/04/26 18:33:37 [notice] 23#23: exiting
2023/04/26 18:33:37 [notice] 22#22: exit
2023/04/26 18:33:37 [notice] 24#24: exiting
2023/04/26 18:33:37 [notice] 21#21: exit
2023/04/26 18:33:37 [notice] 23#23: exit
2023/04/26 18:33:37 [notice] 24#24: exit
2023/04/26 18:33:38 [notice] 1#1: signal 17 (SIGCHLD) received from 22
2023/04/26 18:33:38 [notice] 1#1: worker process 22 exited with code 0
2023/04/26 18:33:38 [notice] 1#1: signal 29 (SIGIO) received
2023/04/26 18:33:38 [notice] 1#1: signal 17 (SIGCHLD) received from 21
2023/04/26 18:33:38 [notice] 1#1: worker process 21 exited with code 0
2023/04/26 18:33:38 [notice] 1#1: worker process 23 exited with code 0
2023/04/26 18:33:38 [notice] 1#1: signal 29 (SIGIO) received
2023/04/26 18:33:38 [notice] 1#1: signal 17 (SIGCHLD) received from 23
2023/04/26 18:33:38 [notice] 1#1: signal 17 (SIGCHLD) received from 24
2023/04/26 18:33:38 [notice] 1#1: worker process 24 exited with code 0
2023/04/26 18:33:38 [notice] 1#1: exit
2023/04/27 08:05:33 [notice] 1#1: using the "epoll" event method
2023/04/27 08:05:33 [notice] 1#1: nginx/1.23.4
2023/04/27 08:05:33 [notice] 1#1: built by gcc 10.2.1 20210110 (Debian 10.2.1-6) 
2023/04/27 08:05:33 [notice] 1#1: OS: Linux 5.10.76-linuxkit
2023/04/27 08:05:33 [notice] 1#1: getrlimit(RLIMIT_NOFILE): 1048576:1048576
2023/04/27 08:05:33 [notice] 1#1: start worker processes
2023/04/27 08:05:33 [notice] 1#1: start worker process 21
2023/04/27 08:05:33 [notice] 1#1: start worker process 22
2023/04/27 08:05:33 [notice] 1#1: start worker process 23
2023/04/27 08:05:33 [notice] 1#1: start worker process 24
2023/04/27 09:49:31 [notice] 1#1: signal 3 (SIGQUIT) received, shutting down
2023/04/27 09:49:31 [notice] 23#23: gracefully shutting down
2023/04/27 09:49:31 [notice] 23#23: exiting
2023/04/27 09:49:31 [notice] 21#21: gracefully shutting down
2023/04/27 09:49:31 [notice] 22#22: gracefully shutting down
2023/04/27 09:49:31 [notice] 24#24: gracefully shutting down
2023/04/27 09:49:31 [notice] 23#23: exit
2023/04/27 09:49:31 [notice] 21#21: exiting
2023/04/27 09:49:31 [notice] 21#21: exit
2023/04/27 09:49:31 [notice] 22#22: exiting
2023/04/27 09:49:31 [notice] 22#22: exit
2023/04/27 09:49:31 [notice] 24#24: exiting
2023/04/27 09:49:31 [notice] 24#24: exit
2023/04/27 09:49:31 [notice] 1#1: signal 17 (SIGCHLD) received from 22
2023/04/27 09:49:31 [notice] 1#1: worker process 21 exited with code 0
2023/04/27 09:49:31 [notice] 1#1: worker process 22 exited with code 0
2023/04/27 09:49:31 [notice] 1#1: signal 29 (SIGIO) received
2023/04/27 09:49:31 [notice] 1#1: signal 17 (SIGCHLD) received from 24
2023/04/27 09:49:31 [notice] 1#1: worker process 24 exited with code 0
2023/04/27 09:49:31 [notice] 1#1: signal 29 (SIGIO) received
2023/04/27 09:49:31 [notice] 1#1: signal 17 (SIGCHLD) received from 23
2023/04/27 09:49:31 [notice] 1#1: worker process 23 exited with code 0
2023/04/27 09:49:31 [notice] 1#1: exit
